[2023-10-02 10:16:39,044] INFO [Controller id=0 epoch=16] Sending UpdateMetadata request to brokers HashSet(0) for 0 partitions (state.change.logger)
[2023-10-02 10:16:39,087] INFO [Controller id=0 epoch=16] Sending LeaderAndIsr request to broker 0 with 56 become-leader and 0 become-follower partitions (state.change.logger)
[2023-10-02 10:16:39,090] INFO [Controller id=0 epoch=16] Sending UpdateMetadata request to brokers HashSet(0) for 56 partitions (state.change.logger)
[2023-10-02 10:16:39,247] INFO [Broker id=0] Handling LeaderAndIsr request correlationId 1 from controller 0 for 56 partitions (state.change.logger)
[2023-10-02 10:16:39,278] INFO [Broker id=0] Stopped fetchers as part of LeaderAndIsr request correlationId 1 from controller 0 epoch 16 as part of the become-leader transition for 56 partitions (state.change.logger)
[2023-10-02 10:16:39,291] INFO [Broker id=0] Leader __consumer_offsets-3 with topic id Some(1umgTB-BRheyVfPb-LIhrQ) starts at leader epoch 0 from offset 0 with partition epoch 0, high watermark 0, ISR [0], adding replicas [] and removing replicas [] . Previous leader epoch was -1. (state.change.logger)
[2023-10-02 10:16:39,301] INFO [Broker id=0] Leader __consumer_offsets-18 with topic id Some(1umgTB-BRheyVfPb-LIhrQ) starts at leader epoch 0 from offset 0 with partition epoch 0, high watermark 0, ISR [0], adding replicas [] and removing replicas [] . Previous leader epoch was -1. (state.change.logger)
[2023-10-02 10:16:39,308] INFO [Broker id=0] Leader __consumer_offsets-41 with topic id Some(1umgTB-BRheyVfPb-LIhrQ) starts at leader epoch 0 from offset 0 with partition epoch 0, high watermark 0, ISR [0], adding replicas [] and removing replicas [] . Previous leader epoch was -1. (state.change.logger)
[2023-10-02 10:16:39,313] INFO [Broker id=0] Leader __consumer_offsets-10 with topic id Some(1umgTB-BRheyVfPb-LIhrQ) starts at leader epoch 0 from offset 0 with partition epoch 0, high watermark 0, ISR [0], adding replicas [] and removing replicas [] . Previous leader epoch was -1. (state.change.logger)
[2023-10-02 10:16:39,319] INFO [Broker id=0] Leader __consumer_offsets-33 with topic id Some(1umgTB-BRheyVfPb-LIhrQ) starts at leader epoch 0 from offset 0 with partition epoch 0, high watermark 0, ISR [0], adding replicas [] and removing replicas [] . Previous leader epoch was -1. (state.change.logger)
[2023-10-02 10:16:39,324] INFO [Broker id=0] Leader __consumer_offsets-48 with topic id Some(1umgTB-BRheyVfPb-LIhrQ) starts at leader epoch 0 from offset 0 with partition epoch 0, high watermark 0, ISR [0], adding replicas [] and removing replicas [] . Previous leader epoch was -1. (state.change.logger)
[2023-10-02 10:16:39,329] INFO [Broker id=0] Leader __consumer_offsets-19 with topic id Some(1umgTB-BRheyVfPb-LIhrQ) starts at leader epoch 0 from offset 0 with partition epoch 0, high watermark 0, ISR [0], adding replicas [] and removing replicas [] . Previous leader epoch was -1. (state.change.logger)
[2023-10-02 10:16:39,334] INFO [Broker id=0] Leader __consumer_offsets-34 with topic id Some(1umgTB-BRheyVfPb-LIhrQ) starts at leader epoch 0 from offset 0 with partition epoch 0, high watermark 0, ISR [0], adding replicas [] and removing replicas [] . Previous leader epoch was -1. (state.change.logger)
[2023-10-02 10:16:39,339] INFO [Broker id=0] Leader __consumer_offsets-4 with topic id Some(1umgTB-BRheyVfPb-LIhrQ) starts at leader epoch 0 from offset 0 with partition epoch 0, high watermark 0, ISR [0], adding replicas [] and removing replicas [] . Previous leader epoch was -1. (state.change.logger)
[2023-10-02 10:16:39,344] INFO [Broker id=0] Leader __consumer_offsets-11 with topic id Some(1umgTB-BRheyVfPb-LIhrQ) starts at leader epoch 0 from offset 0 with partition epoch 0, high watermark 0, ISR [0], adding replicas [] and removing replicas [] . Previous leader epoch was -1. (state.change.logger)
[2023-10-02 10:16:39,348] INFO [Broker id=0] Leader __consumer_offsets-26 with topic id Some(1umgTB-BRheyVfPb-LIhrQ) starts at leader epoch 0 from offset 0 with partition epoch 0, high watermark 0, ISR [0], adding replicas [] and removing replicas [] . Previous leader epoch was -1. (state.change.logger)
[2023-10-02 10:16:39,353] INFO [Broker id=0] Leader __consumer_offsets-49 with topic id Some(1umgTB-BRheyVfPb-LIhrQ) starts at leader epoch 0 from offset 0 with partition epoch 0, high watermark 0, ISR [0], adding replicas [] and removing replicas [] . Previous leader epoch was -1. (state.change.logger)
[2023-10-02 10:16:39,359] INFO [Broker id=0] Leader __consumer_offsets-39 with topic id Some(1umgTB-BRheyVfPb-LIhrQ) starts at leader epoch 0 from offset 0 with partition epoch 0, high watermark 0, ISR [0], adding replicas [] and removing replicas [] . Previous leader epoch was -1. (state.change.logger)
[2023-10-02 10:16:39,363] INFO [Broker id=0] Leader __consumer_offsets-9 with topic id Some(1umgTB-BRheyVfPb-LIhrQ) starts at leader epoch 0 from offset 0 with partition epoch 0, high watermark 0, ISR [0], adding replicas [] and removing replicas [] . Previous leader epoch was -1. (state.change.logger)
[2023-10-02 10:16:39,368] INFO [Broker id=0] Leader __consumer_offsets-24 with topic id Some(1umgTB-BRheyVfPb-LIhrQ) starts at leader epoch 0 from offset 0 with partition epoch 0, high watermark 0, ISR [0], adding replicas [] and removing replicas [] . Previous leader epoch was -1. (state.change.logger)
[2023-10-02 10:16:39,373] INFO [Broker id=0] Leader __consumer_offsets-31 with topic id Some(1umgTB-BRheyVfPb-LIhrQ) starts at leader epoch 0 from offset 0 with partition epoch 0, high watermark 0, ISR [0], adding replicas [] and removing replicas [] . Previous leader epoch was -1. (state.change.logger)
[2023-10-02 10:16:39,378] INFO [Broker id=0] Leader __consumer_offsets-46 with topic id Some(1umgTB-BRheyVfPb-LIhrQ) starts at leader epoch 0 from offset 0 with partition epoch 0, high watermark 0, ISR [0], adding replicas [] and removing replicas [] . Previous leader epoch was -1. (state.change.logger)
[2023-10-02 10:16:39,382] INFO [Broker id=0] Leader __consumer_offsets-1 with topic id Some(1umgTB-BRheyVfPb-LIhrQ) starts at leader epoch 0 from offset 3 with partition epoch 0, high watermark 3, ISR [0], adding replicas [] and removing replicas [] . Previous leader epoch was -1. (state.change.logger)
[2023-10-02 10:16:39,383] INFO [Broker id=0] Leader __consumer_offsets-16 with topic id Some(1umgTB-BRheyVfPb-LIhrQ) starts at leader epoch 0 from offset 0 with partition epoch 0, high watermark 0, ISR [0], adding replicas [] and removing replicas [] . Previous leader epoch was -1. (state.change.logger)
[2023-10-02 10:16:39,388] INFO [Broker id=0] Leader __consumer_offsets-2 with topic id Some(1umgTB-BRheyVfPb-LIhrQ) starts at leader epoch 0 from offset 0 with partition epoch 0, high watermark 0, ISR [0], adding replicas [] and removing replicas [] . Previous leader epoch was -1. (state.change.logger)
[2023-10-02 10:16:39,393] INFO [Broker id=0] Leader __consumer_offsets-25 with topic id Some(1umgTB-BRheyVfPb-LIhrQ) starts at leader epoch 0 from offset 0 with partition epoch 0, high watermark 0, ISR [0], adding replicas [] and removing replicas [] . Previous leader epoch was -1. (state.change.logger)
[2023-10-02 10:16:39,398] INFO [Broker id=0] Leader __consumer_offsets-40 with topic id Some(1umgTB-BRheyVfPb-LIhrQ) starts at leader epoch 0 from offset 0 with partition epoch 0, high watermark 0, ISR [0], adding replicas [] and removing replicas [] . Previous leader epoch was -1. (state.change.logger)
[2023-10-02 10:16:39,403] INFO [Broker id=0] Leader __consumer_offsets-47 with topic id Some(1umgTB-BRheyVfPb-LIhrQ) starts at leader epoch 0 from offset 0 with partition epoch 0, high watermark 0, ISR [0], adding replicas [] and removing replicas [] . Previous leader epoch was -1. (state.change.logger)
[2023-10-02 10:16:39,408] INFO [Broker id=0] Leader __consumer_offsets-17 with topic id Some(1umgTB-BRheyVfPb-LIhrQ) starts at leader epoch 0 from offset 3 with partition epoch 0, high watermark 3, ISR [0], adding replicas [] and removing replicas [] . Previous leader epoch was -1. (state.change.logger)
[2023-10-02 10:16:39,408] INFO [Broker id=0] Leader __consumer_offsets-32 with topic id Some(1umgTB-BRheyVfPb-LIhrQ) starts at leader epoch 0 from offset 0 with partition epoch 0, high watermark 0, ISR [0], adding replicas [] and removing replicas [] . Previous leader epoch was -1. (state.change.logger)
[2023-10-02 10:16:39,412] INFO [Broker id=0] Leader __consumer_offsets-37 with topic id Some(1umgTB-BRheyVfPb-LIhrQ) starts at leader epoch 0 from offset 0 with partition epoch 0, high watermark 0, ISR [0], adding replicas [] and removing replicas [] . Previous leader epoch was -1. (state.change.logger)
[2023-10-02 10:16:39,417] INFO [Broker id=0] Leader __consumer_offsets-7 with topic id Some(1umgTB-BRheyVfPb-LIhrQ) starts at leader epoch 0 from offset 0 with partition epoch 0, high watermark 0, ISR [0], adding replicas [] and removing replicas [] . Previous leader epoch was -1. (state.change.logger)
[2023-10-02 10:16:39,421] INFO [Broker id=0] Leader __consumer_offsets-22 with topic id Some(1umgTB-BRheyVfPb-LIhrQ) starts at leader epoch 0 from offset 0 with partition epoch 0, high watermark 0, ISR [0], adding replicas [] and removing replicas [] . Previous leader epoch was -1. (state.change.logger)
[2023-10-02 10:16:39,425] INFO [Broker id=0] Leader pranav-1 with topic id Some(be2z4iZVT_qC-7vJP3LYSQ) starts at leader epoch 0 from offset 12 with partition epoch 0, high watermark 12, ISR [0], adding replicas [] and removing replicas [] . Previous leader epoch was -1. (state.change.logger)
[2023-10-02 10:16:39,426] INFO [Broker id=0] Leader __consumer_offsets-29 with topic id Some(1umgTB-BRheyVfPb-LIhrQ) starts at leader epoch 0 from offset 0 with partition epoch 0, high watermark 0, ISR [0], adding replicas [] and removing replicas [] . Previous leader epoch was -1. (state.change.logger)
[2023-10-02 10:16:39,430] INFO [Broker id=0] Leader __consumer_offsets-44 with topic id Some(1umgTB-BRheyVfPb-LIhrQ) starts at leader epoch 0 from offset 0 with partition epoch 0, high watermark 0, ISR [0], adding replicas [] and removing replicas [] . Previous leader epoch was -1. (state.change.logger)
[2023-10-02 10:16:39,436] INFO [Broker id=0] Leader __consumer_offsets-14 with topic id Some(1umgTB-BRheyVfPb-LIhrQ) starts at leader epoch 0 from offset 0 with partition epoch 0, high watermark 0, ISR [0], adding replicas [] and removing replicas [] . Previous leader epoch was -1. (state.change.logger)
[2023-10-02 10:16:39,440] INFO [Broker id=0] Leader pranav-0 with topic id Some(be2z4iZVT_qC-7vJP3LYSQ) starts at leader epoch 0 from offset 5 with partition epoch 0, high watermark 5, ISR [0], adding replicas [] and removing replicas [] . Previous leader epoch was -1. (state.change.logger)
[2023-10-02 10:16:39,441] INFO [Broker id=0] Leader __consumer_offsets-23 with topic id Some(1umgTB-BRheyVfPb-LIhrQ) starts at leader epoch 0 from offset 0 with partition epoch 0, high watermark 0, ISR [0], adding replicas [] and removing replicas [] . Previous leader epoch was -1. (state.change.logger)
[2023-10-02 10:16:39,445] INFO [Broker id=0] Leader __consumer_offsets-38 with topic id Some(1umgTB-BRheyVfPb-LIhrQ) starts at leader epoch 0 from offset 3 with partition epoch 0, high watermark 3, ISR [0], adding replicas [] and removing replicas [] . Previous leader epoch was -1. (state.change.logger)
[2023-10-02 10:16:39,446] INFO [Broker id=0] Leader __consumer_offsets-8 with topic id Some(1umgTB-BRheyVfPb-LIhrQ) starts at leader epoch 0 from offset 0 with partition epoch 0, high watermark 0, ISR [0], adding replicas [] and removing replicas [] . Previous leader epoch was -1. (state.change.logger)
[2023-10-02 10:16:39,450] INFO [Broker id=0] Leader __consumer_offsets-45 with topic id Some(1umgTB-BRheyVfPb-LIhrQ) starts at leader epoch 0 from offset 0 with partition epoch 0, high watermark 0, ISR [0], adding replicas [] and removing replicas [] . Previous leader epoch was -1. (state.change.logger)
[2023-10-02 10:16:39,455] INFO [Broker id=0] Leader __consumer_offsets-15 with topic id Some(1umgTB-BRheyVfPb-LIhrQ) starts at leader epoch 0 from offset 0 with partition epoch 0, high watermark 0, ISR [0], adding replicas [] and removing replicas [] . Previous leader epoch was -1. (state.change.logger)
[2023-10-02 10:16:39,459] INFO [Broker id=0] Leader __consumer_offsets-30 with topic id Some(1umgTB-BRheyVfPb-LIhrQ) starts at leader epoch 0 from offset 0 with partition epoch 0, high watermark 0, ISR [0], adding replicas [] and removing replicas [] . Previous leader epoch was -1. (state.change.logger)
[2023-10-02 10:16:39,464] INFO [Broker id=0] Leader __consumer_offsets-0 with topic id Some(1umgTB-BRheyVfPb-LIhrQ) starts at leader epoch 0 from offset 0 with partition epoch 0, high watermark 0, ISR [0], adding replicas [] and removing replicas [] . Previous leader epoch was -1. (state.change.logger)
[2023-10-02 10:16:39,469] INFO [Broker id=0] Leader soham-0 with topic id Some(_fNYmQD1SYeHCvHEKeS83Q) starts at leader epoch 0 from offset 0 with partition epoch 0, high watermark 0, ISR [0], adding replicas [] and removing replicas [] . Previous leader epoch was -1. (state.change.logger)
[2023-10-02 10:16:39,473] INFO [Broker id=0] Leader __consumer_offsets-35 with topic id Some(1umgTB-BRheyVfPb-LIhrQ) starts at leader epoch 0 from offset 0 with partition epoch 0, high watermark 0, ISR [0], adding replicas [] and removing replicas [] . Previous leader epoch was -1. (state.change.logger)
[2023-10-02 10:16:39,478] INFO [Broker id=0] Leader soham-1 with topic id Some(_fNYmQD1SYeHCvHEKeS83Q) starts at leader epoch 0 from offset 0 with partition epoch 0, high watermark 0, ISR [0], adding replicas [] and removing replicas [] . Previous leader epoch was -1. (state.change.logger)
[2023-10-02 10:16:39,483] INFO [Broker id=0] Leader __consumer_offsets-5 with topic id Some(1umgTB-BRheyVfPb-LIhrQ) starts at leader epoch 0 from offset 0 with partition epoch 0, high watermark 0, ISR [0], adding replicas [] and removing replicas [] . Previous leader epoch was -1. (state.change.logger)
[2023-10-02 10:16:39,487] INFO [Broker id=0] Leader __consumer_offsets-20 with topic id Some(1umgTB-BRheyVfPb-LIhrQ) starts at leader epoch 0 from offset 1 with partition epoch 0, high watermark 1, ISR [0], adding replicas [] and removing replicas [] . Previous leader epoch was -1. (state.change.logger)
[2023-10-02 10:16:39,487] INFO [Broker id=0] Leader __consumer_offsets-27 with topic id Some(1umgTB-BRheyVfPb-LIhrQ) starts at leader epoch 0 from offset 0 with partition epoch 0, high watermark 0, ISR [0], adding replicas [] and removing replicas [] . Previous leader epoch was -1. (state.change.logger)
[2023-10-02 10:16:39,492] INFO [Broker id=0] Leader __consumer_offsets-42 with topic id Some(1umgTB-BRheyVfPb-LIhrQ) starts at leader epoch 0 from offset 0 with partition epoch 0, high watermark 0, ISR [0], adding replicas [] and removing replicas [] . Previous leader epoch was -1. (state.change.logger)
[2023-10-02 10:16:39,497] INFO [Broker id=0] Leader __consumer_offsets-12 with topic id Some(1umgTB-BRheyVfPb-LIhrQ) starts at leader epoch 0 from offset 0 with partition epoch 0, high watermark 0, ISR [0], adding replicas [] and removing replicas [] . Previous leader epoch was -1. (state.change.logger)
[2023-10-02 10:16:39,501] INFO [Broker id=0] Leader soham-2 with topic id Some(_fNYmQD1SYeHCvHEKeS83Q) starts at leader epoch 0 from offset 0 with partition epoch 0, high watermark 0, ISR [0], adding replicas [] and removing replicas [] . Previous leader epoch was -1. (state.change.logger)
[2023-10-02 10:16:39,505] INFO [Broker id=0] Leader __consumer_offsets-21 with topic id Some(1umgTB-BRheyVfPb-LIhrQ) starts at leader epoch 0 from offset 0 with partition epoch 0, high watermark 0, ISR [0], adding replicas [] and removing replicas [] . Previous leader epoch was -1. (state.change.logger)
[2023-10-02 10:16:39,510] INFO [Broker id=0] Leader __consumer_offsets-36 with topic id Some(1umgTB-BRheyVfPb-LIhrQ) starts at leader epoch 0 from offset 0 with partition epoch 0, high watermark 0, ISR [0], adding replicas [] and removing replicas [] . Previous leader epoch was -1. (state.change.logger)
[2023-10-02 10:16:39,515] INFO [Broker id=0] Leader __consumer_offsets-6 with topic id Some(1umgTB-BRheyVfPb-LIhrQ) starts at leader epoch 0 from offset 0 with partition epoch 0, high watermark 0, ISR [0], adding replicas [] and removing replicas [] . Previous leader epoch was -1. (state.change.logger)
[2023-10-02 10:16:39,520] INFO [Broker id=0] Leader pranav-2 with topic id Some(be2z4iZVT_qC-7vJP3LYSQ) starts at leader epoch 0 from offset 2 with partition epoch 0, high watermark 2, ISR [0], adding replicas [] and removing replicas [] . Previous leader epoch was -1. (state.change.logger)
[2023-10-02 10:16:39,520] INFO [Broker id=0] Leader __consumer_offsets-43 with topic id Some(1umgTB-BRheyVfPb-LIhrQ) starts at leader epoch 0 from offset 0 with partition epoch 0, high watermark 0, ISR [0], adding replicas [] and removing replicas [] . Previous leader epoch was -1. (state.change.logger)
[2023-10-02 10:16:39,525] INFO [Broker id=0] Leader __consumer_offsets-13 with topic id Some(1umgTB-BRheyVfPb-LIhrQ) starts at leader epoch 0 from offset 0 with partition epoch 0, high watermark 0, ISR [0], adding replicas [] and removing replicas [] . Previous leader epoch was -1. (state.change.logger)
[2023-10-02 10:16:39,530] INFO [Broker id=0] Leader __consumer_offsets-28 with topic id Some(1umgTB-BRheyVfPb-LIhrQ) starts at leader epoch 0 from offset 0 with partition epoch 0, high watermark 0, ISR [0], adding replicas [] and removing replicas [] . Previous leader epoch was -1. (state.change.logger)
[2023-10-02 10:16:39,547] INFO [Broker id=0] Finished LeaderAndIsr request in 300ms correlationId 1 from controller 0 for 56 partitions (state.change.logger)
[2023-10-02 10:16:39,558] INFO [Broker id=0] Add 56 partitions and deleted 0 partitions from metadata cache in response to UpdateMetadata request sent by controller 0 epoch 16 with correlation id 2 (state.change.logger)
[2023-10-02 10:56:55,539] INFO [Controller id=0 epoch=16] Sending UpdateMetadata request to brokers HashSet() for 0 partitions (state.change.logger)
